0 info it worked if it ends with ok
1 verbose cli [ '/home/prdcv/.nvm/v6.8.0/bin/node',
1 verbose cli   '/home/prdcv/.nvm/v6.8.0/bin/npm',
1 verbose cli   'start' ]
2 info using npm@3.10.8
3 info using node@v6.8.0
4 verbose run-script [ 'prestart', 'start', 'poststart' ]
5 info lifecycle todos@0.0.1~prestart: todos@0.0.1
6 silly lifecycle todos@0.0.1~prestart: no script for prestart, continuing
7 info lifecycle todos@0.0.1~start: todos@0.0.1
8 verbose lifecycle todos@0.0.1~start: unsafe-perm in lifecycle true
9 verbose lifecycle todos@0.0.1~start: PATH: /home/prdcv/.nvm/v6.8.0/lib/node_modules/npm/bin/node-gyp-bin:/home/prdcv/Desktop/redux-master/examples/duyet_todo/node_modules/.bin:/usr/local/heroku/bin:/home/prdcv/.nvm/v6.8.0/bin:/home/prdcv/.rbenv/plugins/ruby-build/bin:/home/prdcv/.rbenv/shims:/home/prdcv/.rbenv/bin:/usr/local/heroku/bin:/usr/local/sbin:/usr/local/bin:/usr/sbin:/usr/bin:/sbin:/bin:/usr/games:/usr/local/games:/home/prdcv/.rvm/bin:/home/prdcv/.rvm/bin:/home/prdcv/.rvm/bin
10 verbose lifecycle todos@0.0.1~start: CWD: /home/prdcv/Desktop/redux-master/examples/duyet_todo
11 silly lifecycle todos@0.0.1~start: Args: [ '-c', 'react-scripts start' ]
12 silly lifecycle todos@0.0.1~start: Returned: code: 1  signal: null
13 info lifecycle todos@0.0.1~start: Failed to exec start script
14 verbose stack Error: todos@0.0.1 start: `react-scripts start`
14 verbose stack Exit status 1
14 verbose stack     at EventEmitter.<anonymous> (/home/prdcv/.nvm/v6.8.0/lib/node_modules/npm/lib/utils/lifecycle.js:255:16)
14 verbose stack     at emitTwo (events.js:106:13)
14 verbose stack     at EventEmitter.emit (events.js:191:7)
14 verbose stack     at ChildProcess.<anonymous> (/home/prdcv/.nvm/v6.8.0/lib/node_modules/npm/lib/utils/spawn.js:40:14)
14 verbose stack     at emitTwo (events.js:106:13)
14 verbose stack     at ChildProcess.emit (events.js:191:7)
14 verbose stack     at maybeClose (internal/child_process.js:877:16)
14 verbose stack     at Process.ChildProcess._handle.onexit (internal/child_process.js:226:5)
15 verbose pkgid todos@0.0.1
16 verbose cwd /home/prdcv/Desktop/redux-master/examples/duyet_todo
17 error Linux 4.2.0-27-generic
18 error argv "/home/prdcv/.nvm/v6.8.0/bin/node" "/home/prdcv/.nvm/v6.8.0/bin/npm" "start"
19 error node v6.8.0
20 error npm  v3.10.8
21 error code ELIFECYCLE
22 error todos@0.0.1 start: `react-scripts start`
22 error Exit status 1
23 error Failed at the todos@0.0.1 start script 'react-scripts start'.
23 error Make sure you have the latest version of node.js and npm installed.
23 error If you do, this is most likely a problem with the todos package,
23 error not with npm itself.
23 error Tell the author that this fails on your system:
23 error     react-scripts start
23 error You can get information on how to open an issue for this project with:
23 error     npm bugs todos
23 error Or if that isn't available, you can get their info via:
23 error     npm owner ls todos
23 error There is likely additional logging output above.
24 verbose exit [ 1, true ]
